<?xml version="1.0" encoding="utf-8"?><testsuites name="pytest tests"><testsuite name="pytest" errors="0" failures="0" skipped="0" tests="16" time="2.068" timestamp="2026-01-26T04:35:23.540143+00:00" hostname="agent-env-22236da1-4edf-45f9-890e-f43423790341"><testcase classname="backend.tests.test_multilingual_api.TestHealthAndSettings" name="test_settings_endpoint_returns_200" time="0.079" /><testcase classname="backend.tests.test_multilingual_api.TestHealthAndSettings" name="test_settings_has_translatable_hero_title" time="0.042" /><testcase classname="backend.tests.test_multilingual_api.TestHealthAndSettings" name="test_settings_has_translatable_hero_subtitle" time="0.052" /><testcase classname="backend.tests.test_multilingual_api.TestHealthAndSettings" name="test_settings_has_translatable_hero_cta" time="0.042" /><testcase classname="backend.tests.test_multilingual_api.TestHealthAndSettings" name="test_settings_has_translatable_about_fields" time="0.042" /><testcase classname="backend.tests.test_multilingual_api.TestHealthAndSettings" name="test_settings_has_hero_video_url" time="0.043" /><testcase classname="backend.tests.test_multilingual_api.TestAuthentication" name="test_login_with_valid_credentials" time="0.275" /><testcase classname="backend.tests.test_multilingual_api.TestAuthentication" name="test_login_with_invalid_credentials" time="0.313" /><testcase classname="backend.tests.test_multilingual_api.TestAuthentication" name="test_auth_me_with_valid_token" time="0.316" /><testcase classname="backend.tests.test_multilingual_api.TestAreasAPI" name="test_get_areas" time="0.046" /><testcase classname="backend.tests.test_multilingual_api.TestAreasAPI" name="test_areas_have_required_fields" time="0.038" /><testcase classname="backend.tests.test_multilingual_api.TestBlogAPI" name="test_get_blog_posts" time="0.035" /><testcase classname="backend.tests.test_multilingual_api.TestBlogAPI" name="test_get_published_blog_posts" time="0.040" /><testcase classname="backend.tests.test_multilingual_api.TestContactAPI" name="test_submit_contact_form" time="0.056" /><testcase classname="backend.tests.test_multilingual_api.TestSettingsUpdate" name="test_update_settings_requires_auth" time="0.044" /><testcase classname="backend.tests.test_multilingual_api.TestSettingsUpdate" name="test_get_and_update_settings" time="0.465" /></testsuite></testsuites>